c:\users\hp\desktop\carrentalmanagmentsystem\cppclr_winformsproject1\cppclr_winformsproject1\x64\debug\cppclr_winformsproject1.pch
c:\users\hp\desktop\carrentalmanagmentsystem\cppclr_winformsproject1\cppclr_winformsproject1\x64\debug\vc143.pdb
c:\users\hp\desktop\carrentalmanagmentsystem\cppclr_winformsproject1\cppclr_winformsproject1\x64\debug\pch.obj
c:\users\hp\desktop\carrentalmanagmentsystem\cppclr_winformsproject1\cppclr_winformsproject1\x64\debug\mapper.obj
c:\users\hp\desktop\carrentalmanagmentsystem\cppclr_winformsproject1\cppclr_winformsproject1\x64\debug\form1.obj
c:\users\hp\desktop\carrentalmanagmentsystem\cppclr_winformsproject1\cppclr_winformsproject1\x64\debug\driver.obj
c:\users\hp\desktop\carrentalmanagmentsystem\cppclr_winformsproject1\cppclr_winformsproject1\x64\debug\crud.obj
c:\users\hp\desktop\carrentalmanagmentsystem\cppclr_winformsproject1\cppclr_winformsproject1\x64\debug\cppclr_winformsproject.obj
c:\users\hp\desktop\carrentalmanagmentsystem\cppclr_winformsproject1\cppclr_winformsproject1\x64\debug\car.obj
c:\users\hp\desktop\carrentalmanagmentsystem\cppclr_winformsproject1\cppclr_winformsproject1\x64\debug\booking.obj
c:\users\hp\desktop\carrentalmanagmentsystem\cppclr_winformsproject1\cppclr_winformsproject1\x64\debug\assemblyinfo.obj
c:\users\hp\desktop\carrentalmanagmentsystem\cppclr_winformsproject1\cppclr_winformsproject1\x64\debug\admin.obj
c:\users\hp\desktop\carrentalmanagmentsystem\cppclr_winformsproject1\cppclr_winformsproject1\x64\debug\.netframework,version=v4.7.2.assemblyattributes.obj
c:\users\hp\desktop\carrentalmanagmentsystem\cppclr_winformsproject1\cppclr_winformsproject1\x64\debug\customer.obj
c:\users\hp\desktop\carrentalmanagmentsystem\cppclr_winformsproject1\x64\debug\cppclr_winformsproject1.exe
c:\users\hp\desktop\carrentalmanagmentsystem\cppclr_winformsproject1\x64\debug\cppclr_winformsproject1.pdb
c:\users\hp\desktop\carrentalmanagmentsystem\cppclr_winformsproject1\cppclr_winformsproject1\x64\debug\app.res
c:\users\hp\desktop\carrentalmanagmentsystem\cppclr_winformsproject1\cppclr_winformsproject1\x64\debug\cppclr_w.38f80c9e.tlog\cl.command.1.tlog
c:\users\hp\desktop\carrentalmanagmentsystem\cppclr_winformsproject1\cppclr_winformsproject1\x64\debug\cppclr_w.38f80c9e.tlog\cl.items.tlog
c:\users\hp\desktop\carrentalmanagmentsystem\cppclr_winformsproject1\cppclr_winformsproject1\x64\debug\cppclr_w.38f80c9e.tlog\cl.read.1.tlog
c:\users\hp\desktop\carrentalmanagmentsystem\cppclr_winformsproject1\cppclr_winformsproject1\x64\debug\cppclr_w.38f80c9e.tlog\cl.write.1.tlog
c:\users\hp\desktop\carrentalmanagmentsystem\cppclr_winformsproject1\cppclr_winformsproject1\x64\debug\cppclr_w.38f80c9e.tlog\link.command.1.tlog
c:\users\hp\desktop\carrentalmanagmentsystem\cppclr_winformsproject1\cppclr_winformsproject1\x64\debug\cppclr_w.38f80c9e.tlog\link.read.1.tlog
c:\users\hp\desktop\carrentalmanagmentsystem\cppclr_winformsproject1\cppclr_winformsproject1\x64\debug\cppclr_w.38f80c9e.tlog\link.secondary.1.tlog
c:\users\hp\desktop\carrentalmanagmentsystem\cppclr_winformsproject1\cppclr_winformsproject1\x64\debug\cppclr_w.38f80c9e.tlog\link.write.1.tlog
c:\users\hp\desktop\carrentalmanagmentsystem\cppclr_winformsproject1\cppclr_winformsproject1\x64\debug\cppclr_w.38f80c9e.tlog\metagen.read.1.tlog
c:\users\hp\desktop\carrentalmanagmentsystem\cppclr_winformsproject1\cppclr_winformsproject1\x64\debug\cppclr_w.38f80c9e.tlog\metagen.write.1.tlog
c:\users\hp\desktop\carrentalmanagmentsystem\cppclr_winformsproject1\cppclr_winformsproject1\x64\debug\cppclr_w.38f80c9e.tlog\rc.command.1.tlog
c:\users\hp\desktop\carrentalmanagmentsystem\cppclr_winformsproject1\cppclr_winformsproject1\x64\debug\cppclr_w.38f80c9e.tlog\rc.read.1.tlog
c:\users\hp\desktop\carrentalmanagmentsystem\cppclr_winformsproject1\cppclr_winformsproject1\x64\debug\cppclr_w.38f80c9e.tlog\rc.write.1.tlog
c:\users\hp\desktop\carrentalmanagmentsystem\cppclr_winformsproject1\cppclr_winformsproject1\x64\debug\cppclr_w.38f80c9e.tlog\resgen.command.1.tlog
c:\users\hp\desktop\carrentalmanagmentsystem\cppclr_winformsproject1\cppclr_winformsproject1\x64\debug\cppclr_w.38f80c9e.tlog\resgen.read.1.tlog
c:\users\hp\desktop\carrentalmanagmentsystem\cppclr_winformsproject1\cppclr_winformsproject1\x64\debug\cppclr_w.38f80c9e.tlog\resgen.write.1.tlog
